[2024-11-28 03:05:04] local.ERROR: Invalid route action: [ProfileController]. {"exception":"[object] (UnexpectedValueException(code: 0): Invalid route action: [ProfileController]. at C:\\xampp\\htdocs\\PAW 12\\PAW12\\vendor\\laravel\\framework\\src\\Illuminate\\Routing\\RouteAction.php:92)
[stacktrace]
#0 C:\\xampp\\htdocs\\PAW 12\\PAW12\\vendor\\laravel\\framework\\src\\Illuminate\\Routing\\RouteAction.php(47): Illuminate\\Routing\\RouteAction::makeInvokable('ProfileControll...')
#1 C:\\xampp\\htdocs\\PAW 12\\PAW12\\vendor\\laravel\\framework\\src\\Illuminate\\Routing\\Route.php(191): Illuminate\\Routing\\RouteAction::parse('profile', Array)
#2 C:\\xampp\\htdocs\\PAW 12\\PAW12\\vendor\\laravel\\framework\\src\\Illuminate\\Routing\\Route.php(172): Illuminate\\Routing\\Route->parseAction(Array)
#3 C:\\xampp\\htdocs\\PAW 12\\PAW12\\vendor\\laravel\\framework\\src\\Illuminate\\Routing\\Router.php(669): Illuminate\\Routing\\Route->__construct(Array, 'profile', Array)
#4 C:\\xampp\\htdocs\\PAW 12\\PAW12\\vendor\\laravel\\framework\\src\\Illuminate\\Routing\\Router.php(561): Illuminate\\Routing\\Router->newRoute(Array, 'profile', Array)
#5 C:\\xampp\\htdocs\\PAW 12\\PAW12\\vendor\\laravel\\framework\\src\\Illuminate\\Routing\\Router.php(541): Illuminate\\Routing\\Router->createRoute(Array, 'profile', Array)
#6 C:\\xampp\\htdocs\\PAW 12\\PAW12\\vendor\\laravel\\framework\\src\\Illuminate\\Routing\\Router.php(159): Illuminate\\Routing\\Router->addRoute(Array, 'profile', 'ProfileControll...')
#7 C:\\xampp\\htdocs\\PAW 12\\PAW12\\vendor\\laravel\\framework\\src\\Illuminate\\Support\\Facades\\Facade.php(355): Illuminate\\Routing\\Router->get('profile', 'ProfileControll...')
#8 C:\\xampp\\htdocs\\PAW 12\\PAW12\\routes\\web.php(21): Illuminate\\Support\\Facades\\Facade::__callStatic('get', Array)
#9 C:\\xampp\\htdocs\\PAW 12\\PAW12\\vendor\\laravel\\framework\\src\\Illuminate\\Routing\\RouteFileRegistrar.php(35): require('C:\\\\xampp\\\\htdocs...')
#10 C:\\xampp\\htdocs\\PAW 12\\PAW12\\vendor\\laravel\\framework\\src\\Illuminate\\Routing\\Router.php(511): Illuminate\\Routing\\RouteFileRegistrar->register('C:\\\\xampp\\\\htdocs...')
#11 C:\\xampp\\htdocs\\PAW 12\\PAW12\\vendor\\laravel\\framework\\src\\Illuminate\\Routing\\Router.php(465): Illuminate\\Routing\\Router->loadRoutes('C:\\\\xampp\\\\htdocs...')
#12 C:\\xampp\\htdocs\\PAW 12\\PAW12\\vendor\\laravel\\framework\\src\\Illuminate\\Routing\\RouteRegistrar.php(194): Illuminate\\Routing\\Router->group(Array, 'C:\\\\xampp\\\\htdocs...')
#13 C:\\xampp\\htdocs\\PAW 12\\PAW12\\app\\Providers\\RouteServiceProvider.php(35): Illuminate\\Routing\\RouteRegistrar->group('C:\\\\xampp\\\\htdocs...')
#14 C:\\xampp\\htdocs\\PAW 12\\PAW12\\vendor\\laravel\\framework\\src\\Illuminate\\Container\\BoundMethod.php(36): App\\Providers\\RouteServiceProvider->App\\Providers\\{closure}()
#15 C:\\xampp\\htdocs\\PAW 12\\PAW12\\vendor\\laravel\\framework\\src\\Illuminate\\Container\\Util.php(41): Illuminate\\Container\\BoundMethod::Illuminate\\Container\\{closure}()
#16 C:\\xampp\\htdocs\\PAW 12\\PAW12\\vendor\\laravel\\framework\\src\\Illuminate\\Container\\BoundMethod.php(81): Illuminate\\Container\\Util::unwrapIfClosure(Object(Closure))
#17 C:\\xampp\\htdocs\\PAW 12\\PAW12\\vendor\\laravel\\framework\\src\\Illuminate\\Container\\BoundMethod.php(35): Illuminate\\Container\\BoundMethod::callBoundMethod(Object(Illuminate\\Foundation\\Application), Object(Closure), Object(Closure))
#18 C:\\xampp\\htdocs\\PAW 12\\PAW12\\vendor\\laravel\\framework\\src\\Illuminate\\Container\\Container.php(662): Illuminate\\Container\\BoundMethod::call(Object(Illuminate\\Foundation\\Application), Object(Closure), Array, NULL)
#19 C:\\xampp\\htdocs\\PAW 12\\PAW12\\vendor\\laravel\\framework\\src\\Illuminate\\Foundation\\Support\\Providers\\RouteServiceProvider.php(120): Illuminate\\Container\\Container->call(Object(Closure))
#20 C:\\xampp\\htdocs\\PAW 12\\PAW12\\vendor\\laravel\\framework\\src\\Illuminate\\Foundation\\Support\\Providers\\RouteServiceProvider.php(45): Illuminate\\Foundation\\Support\\Providers\\RouteServiceProvider->loadRoutes()
#21 C:\\xampp\\htdocs\\PAW 12\\PAW12\\vendor\\laravel\\framework\\src\\Illuminate\\Container\\BoundMethod.php(36): Illuminate\\Foundation\\Support\\Providers\\RouteServiceProvider->Illuminate\\Foundation\\Support\\Providers\\{closure}()
#22 C:\\xampp\\htdocs\\PAW 12\\PAW12\\vendor\\laravel\\framework\\src\\Illuminate\\Container\\Util.php(41): Illuminate\\Container\\BoundMethod::Illuminate\\Container\\{closure}()
#23 C:\\xampp\\htdocs\\PAW 12\\PAW12\\vendor\\laravel\\framework\\src\\Illuminate\\Container\\BoundMethod.php(81): Illuminate\\Container\\Util::unwrapIfClosure(Object(Closure))
#24 C:\\xampp\\htdocs\\PAW 12\\PAW12\\vendor\\laravel\\framework\\src\\Illuminate\\Container\\BoundMethod.php(35): Illuminate\\Container\\BoundMethod::callBoundMethod(Object(Illuminate\\Foundation\\Application), Object(Closure), Object(Closure))
#25 C:\\xampp\\htdocs\\PAW 12\\PAW12\\vendor\\laravel\\framework\\src\\Illuminate\\Container\\Container.php(662): Illuminate\\Container\\BoundMethod::call(Object(Illuminate\\Foundation\\Application), Object(Closure), Array, NULL)
#26 C:\\xampp\\htdocs\\PAW 12\\PAW12\\vendor\\laravel\\framework\\src\\Illuminate\\Support\\ServiceProvider.php(119): Illuminate\\Container\\Container->call(Object(Closure))
#27 C:\\xampp\\htdocs\\PAW 12\\PAW12\\vendor\\laravel\\framework\\src\\Illuminate\\Foundation\\Application.php(1039): Illuminate\\Support\\ServiceProvider->callBootedCallbacks()
#28 C:\\xampp\\htdocs\\PAW 12\\PAW12\\vendor\\laravel\\framework\\src\\Illuminate\\Foundation\\Application.php(1017): Illuminate\\Foundation\\Application->bootProvider(Object(App\\Providers\\RouteServiceProvider))
#29 [internal function]: Illuminate\\Foundation\\Application->Illuminate\\Foundation\\{closure}(Object(App\\Providers\\RouteServiceProvider), 24)
#30 C:\\xampp\\htdocs\\PAW 12\\PAW12\\vendor\\laravel\\framework\\src\\Illuminate\\Foundation\\Application.php(1016): array_walk(Array, Object(Closure))
#31 C:\\xampp\\htdocs\\PAW 12\\PAW12\\vendor\\laravel\\framework\\src\\Illuminate\\Foundation\\Bootstrap\\BootProviders.php(17): Illuminate\\Foundation\\Application->boot()
#32 C:\\xampp\\htdocs\\PAW 12\\PAW12\\vendor\\laravel\\framework\\src\\Illuminate\\Foundation\\Application.php(263): Illuminate\\Foundation\\Bootstrap\\BootProviders->bootstrap(Object(Illuminate\\Foundation\\Application))
#33 C:\\xampp\\htdocs\\PAW 12\\PAW12\\vendor\\laravel\\framework\\src\\Illuminate\\Foundation\\Http\\Kernel.php(186): Illuminate\\Foundation\\Application->bootstrapWith(Array)
#34 C:\\xampp\\htdocs\\PAW 12\\PAW12\\vendor\\laravel\\framework\\src\\Illuminate\\Foundation\\Http\\Kernel.php(170): Illuminate\\Foundation\\Http\\Kernel->bootstrap()
#35 C:\\xampp\\htdocs\\PAW 12\\PAW12\\vendor\\laravel\\framework\\src\\Illuminate\\Foundation\\Http\\Kernel.php(144): Illuminate\\Foundation\\Http\\Kernel->sendRequestThroughRouter(Object(Illuminate\\Http\\Request))
#36 C:\\xampp\\htdocs\\PAW 12\\PAW12\\public\\index.php(51): Illuminate\\Foundation\\Http\\Kernel->handle(Object(Illuminate\\Http\\Request))
#37 C:\\xampp\\htdocs\\PAW 12\\PAW12\\vendor\\laravel\\framework\\src\\Illuminate\\Foundation\\resources\\server.php(16): require_once('C:\\\\xampp\\\\htdocs...')
#38 {main}
"} 
[2024-11-28 03:05:13] local.ERROR: Invalid route action: [ProfileController]. {"exception":"[object] (UnexpectedValueException(code: 0): Invalid route action: [ProfileController]. at C:\\xampp\\htdocs\\PAW 12\\PAW12\\vendor\\laravel\\framework\\src\\Illuminate\\Routing\\RouteAction.php:92)
[stacktrace]
#0 C:\\xampp\\htdocs\\PAW 12\\PAW12\\vendor\\laravel\\framework\\src\\Illuminate\\Routing\\RouteAction.php(47): Illuminate\\Routing\\RouteAction::makeInvokable('ProfileControll...')
#1 C:\\xampp\\htdocs\\PAW 12\\PAW12\\vendor\\laravel\\framework\\src\\Illuminate\\Routing\\Route.php(191): Illuminate\\Routing\\RouteAction::parse('profile', Array)
#2 C:\\xampp\\htdocs\\PAW 12\\PAW12\\vendor\\laravel\\framework\\src\\Illuminate\\Routing\\Route.php(172): Illuminate\\Routing\\Route->parseAction(Array)
#3 C:\\xampp\\htdocs\\PAW 12\\PAW12\\vendor\\laravel\\framework\\src\\Illuminate\\Routing\\Router.php(669): Illuminate\\Routing\\Route->__construct(Array, 'profile', Array)
#4 C:\\xampp\\htdocs\\PAW 12\\PAW12\\vendor\\laravel\\framework\\src\\Illuminate\\Routing\\Router.php(561): Illuminate\\Routing\\Router->newRoute(Array, 'profile', Array)
#5 C:\\xampp\\htdocs\\PAW 12\\PAW12\\vendor\\laravel\\framework\\src\\Illuminate\\Routing\\Router.php(541): Illuminate\\Routing\\Router->createRoute(Array, 'profile', Array)
#6 C:\\xampp\\htdocs\\PAW 12\\PAW12\\vendor\\laravel\\framework\\src\\Illuminate\\Routing\\Router.php(159): Illuminate\\Routing\\Router->addRoute(Array, 'profile', 'ProfileControll...')
#7 C:\\xampp\\htdocs\\PAW 12\\PAW12\\vendor\\laravel\\framework\\src\\Illuminate\\Support\\Facades\\Facade.php(355): Illuminate\\Routing\\Router->get('profile', 'ProfileControll...')
#8 C:\\xampp\\htdocs\\PAW 12\\PAW12\\routes\\web.php(21): Illuminate\\Support\\Facades\\Facade::__callStatic('get', Array)
#9 C:\\xampp\\htdocs\\PAW 12\\PAW12\\vendor\\laravel\\framework\\src\\Illuminate\\Routing\\RouteFileRegistrar.php(35): require('C:\\\\xampp\\\\htdocs...')
#10 C:\\xampp\\htdocs\\PAW 12\\PAW12\\vendor\\laravel\\framework\\src\\Illuminate\\Routing\\Router.php(511): Illuminate\\Routing\\RouteFileRegistrar->register('C:\\\\xampp\\\\htdocs...')
#11 C:\\xampp\\htdocs\\PAW 12\\PAW12\\vendor\\laravel\\framework\\src\\Illuminate\\Routing\\Router.php(465): Illuminate\\Routing\\Router->loadRoutes('C:\\\\xampp\\\\htdocs...')
#12 C:\\xampp\\htdocs\\PAW 12\\PAW12\\vendor\\laravel\\framework\\src\\Illuminate\\Routing\\RouteRegistrar.php(194): Illuminate\\Routing\\Router->group(Array, 'C:\\\\xampp\\\\htdocs...')
#13 C:\\xampp\\htdocs\\PAW 12\\PAW12\\app\\Providers\\RouteServiceProvider.php(35): Illuminate\\Routing\\RouteRegistrar->group('C:\\\\xampp\\\\htdocs...')
#14 C:\\xampp\\htdocs\\PAW 12\\PAW12\\vendor\\laravel\\framework\\src\\Illuminate\\Container\\BoundMethod.php(36): App\\Providers\\RouteServiceProvider->App\\Providers\\{closure}()
#15 C:\\xampp\\htdocs\\PAW 12\\PAW12\\vendor\\laravel\\framework\\src\\Illuminate\\Container\\Util.php(41): Illuminate\\Container\\BoundMethod::Illuminate\\Container\\{closure}()
#16 C:\\xampp\\htdocs\\PAW 12\\PAW12\\vendor\\laravel\\framework\\src\\Illuminate\\Container\\BoundMethod.php(81): Illuminate\\Container\\Util::unwrapIfClosure(Object(Closure))
#17 C:\\xampp\\htdocs\\PAW 12\\PAW12\\vendor\\laravel\\framework\\src\\Illuminate\\Container\\BoundMethod.php(35): Illuminate\\Container\\BoundMethod::callBoundMethod(Object(Illuminate\\Foundation\\Application), Object(Closure), Object(Closure))
#18 C:\\xampp\\htdocs\\PAW 12\\PAW12\\vendor\\laravel\\framework\\src\\Illuminate\\Container\\Container.php(662): Illuminate\\Container\\BoundMethod::call(Object(Illuminate\\Foundation\\Application), Object(Closure), Array, NULL)
#19 C:\\xampp\\htdocs\\PAW 12\\PAW12\\vendor\\laravel\\framework\\src\\Illuminate\\Foundation\\Support\\Providers\\RouteServiceProvider.php(120): Illuminate\\Container\\Container->call(Object(Closure))
#20 C:\\xampp\\htdocs\\PAW 12\\PAW12\\vendor\\laravel\\framework\\src\\Illuminate\\Foundation\\Support\\Providers\\RouteServiceProvider.php(45): Illuminate\\Foundation\\Support\\Providers\\RouteServiceProvider->loadRoutes()
#21 C:\\xampp\\htdocs\\PAW 12\\PAW12\\vendor\\laravel\\framework\\src\\Illuminate\\Container\\BoundMethod.php(36): Illuminate\\Foundation\\Support\\Providers\\RouteServiceProvider->Illuminate\\Foundation\\Support\\Providers\\{closure}()
#22 C:\\xampp\\htdocs\\PAW 12\\PAW12\\vendor\\laravel\\framework\\src\\Illuminate\\Container\\Util.php(41): Illuminate\\Container\\BoundMethod::Illuminate\\Container\\{closure}()
#23 C:\\xampp\\htdocs\\PAW 12\\PAW12\\vendor\\laravel\\framework\\src\\Illuminate\\Container\\BoundMethod.php(81): Illuminate\\Container\\Util::unwrapIfClosure(Object(Closure))
#24 C:\\xampp\\htdocs\\PAW 12\\PAW12\\vendor\\laravel\\framework\\src\\Illuminate\\Container\\BoundMethod.php(35): Illuminate\\Container\\BoundMethod::callBoundMethod(Object(Illuminate\\Foundation\\Application), Object(Closure), Object(Closure))
#25 C:\\xampp\\htdocs\\PAW 12\\PAW12\\vendor\\laravel\\framework\\src\\Illuminate\\Container\\Container.php(662): Illuminate\\Container\\BoundMethod::call(Object(Illuminate\\Foundation\\Application), Object(Closure), Array, NULL)
#26 C:\\xampp\\htdocs\\PAW 12\\PAW12\\vendor\\laravel\\framework\\src\\Illuminate\\Support\\ServiceProvider.php(119): Illuminate\\Container\\Container->call(Object(Closure))
#27 C:\\xampp\\htdocs\\PAW 12\\PAW12\\vendor\\laravel\\framework\\src\\Illuminate\\Foundation\\Application.php(1039): Illuminate\\Support\\ServiceProvider->callBootedCallbacks()
#28 C:\\xampp\\htdocs\\PAW 12\\PAW12\\vendor\\laravel\\framework\\src\\Illuminate\\Foundation\\Application.php(1017): Illuminate\\Foundation\\Application->bootProvider(Object(App\\Providers\\RouteServiceProvider))
#29 [internal function]: Illuminate\\Foundation\\Application->Illuminate\\Foundation\\{closure}(Object(App\\Providers\\RouteServiceProvider), 24)
#30 C:\\xampp\\htdocs\\PAW 12\\PAW12\\vendor\\laravel\\framework\\src\\Illuminate\\Foundation\\Application.php(1016): array_walk(Array, Object(Closure))
#31 C:\\xampp\\htdocs\\PAW 12\\PAW12\\vendor\\laravel\\framework\\src\\Illuminate\\Foundation\\Bootstrap\\BootProviders.php(17): Illuminate\\Foundation\\Application->boot()
#32 C:\\xampp\\htdocs\\PAW 12\\PAW12\\vendor\\laravel\\framework\\src\\Illuminate\\Foundation\\Application.php(263): Illuminate\\Foundation\\Bootstrap\\BootProviders->bootstrap(Object(Illuminate\\Foundation\\Application))
#33 C:\\xampp\\htdocs\\PAW 12\\PAW12\\vendor\\laravel\\framework\\src\\Illuminate\\Foundation\\Http\\Kernel.php(186): Illuminate\\Foundation\\Application->bootstrapWith(Array)
#34 C:\\xampp\\htdocs\\PAW 12\\PAW12\\vendor\\laravel\\framework\\src\\Illuminate\\Foundation\\Http\\Kernel.php(170): Illuminate\\Foundation\\Http\\Kernel->bootstrap()
#35 C:\\xampp\\htdocs\\PAW 12\\PAW12\\vendor\\laravel\\framework\\src\\Illuminate\\Foundation\\Http\\Kernel.php(144): Illuminate\\Foundation\\Http\\Kernel->sendRequestThroughRouter(Object(Illuminate\\Http\\Request))
#36 C:\\xampp\\htdocs\\PAW 12\\PAW12\\public\\index.php(51): Illuminate\\Foundation\\Http\\Kernel->handle(Object(Illuminate\\Http\\Request))
#37 C:\\xampp\\htdocs\\PAW 12\\PAW12\\vendor\\laravel\\framework\\src\\Illuminate\\Foundation\\resources\\server.php(16): require_once('C:\\\\xampp\\\\htdocs...')
#38 {main}
"} 
[2024-11-28 03:06:29] local.ERROR: Invalid route action: [ProfileController]. {"exception":"[object] (UnexpectedValueException(code: 0): Invalid route action: [ProfileController]. at C:\\xampp\\htdocs\\PAW 12\\PAW12\\vendor\\laravel\\framework\\src\\Illuminate\\Routing\\RouteAction.php:92)
[stacktrace]
#0 C:\\xampp\\htdocs\\PAW 12\\PAW12\\vendor\\laravel\\framework\\src\\Illuminate\\Routing\\RouteAction.php(47): Illuminate\\Routing\\RouteAction::makeInvokable('ProfileControll...')
#1 C:\\xampp\\htdocs\\PAW 12\\PAW12\\vendor\\laravel\\framework\\src\\Illuminate\\Routing\\Route.php(191): Illuminate\\Routing\\RouteAction::parse('profile', Array)
#2 C:\\xampp\\htdocs\\PAW 12\\PAW12\\vendor\\laravel\\framework\\src\\Illuminate\\Routing\\Route.php(172): Illuminate\\Routing\\Route->parseAction(Array)
#3 C:\\xampp\\htdocs\\PAW 12\\PAW12\\vendor\\laravel\\framework\\src\\Illuminate\\Routing\\Router.php(669): Illuminate\\Routing\\Route->__construct(Array, 'profile', Array)
#4 C:\\xampp\\htdocs\\PAW 12\\PAW12\\vendor\\laravel\\framework\\src\\Illuminate\\Routing\\Router.php(561): Illuminate\\Routing\\Router->newRoute(Array, 'profile', Array)
#5 C:\\xampp\\htdocs\\PAW 12\\PAW12\\vendor\\laravel\\framework\\src\\Illuminate\\Routing\\Router.php(541): Illuminate\\Routing\\Router->createRoute(Array, 'profile', Array)
#6 C:\\xampp\\htdocs\\PAW 12\\PAW12\\vendor\\laravel\\framework\\src\\Illuminate\\Routing\\Router.php(159): Illuminate\\Routing\\Router->addRoute(Array, 'profile', 'ProfileControll...')
#7 C:\\xampp\\htdocs\\PAW 12\\PAW12\\vendor\\laravel\\framework\\src\\Illuminate\\Support\\Facades\\Facade.php(355): Illuminate\\Routing\\Router->get('profile', 'ProfileControll...')
#8 C:\\xampp\\htdocs\\PAW 12\\PAW12\\routes\\web.php(22): Illuminate\\Support\\Facades\\Facade::__callStatic('get', Array)
#9 C:\\xampp\\htdocs\\PAW 12\\PAW12\\vendor\\laravel\\framework\\src\\Illuminate\\Routing\\RouteFileRegistrar.php(35): require('C:\\\\xampp\\\\htdocs...')
#10 C:\\xampp\\htdocs\\PAW 12\\PAW12\\vendor\\laravel\\framework\\src\\Illuminate\\Routing\\Router.php(511): Illuminate\\Routing\\RouteFileRegistrar->register('C:\\\\xampp\\\\htdocs...')
#11 C:\\xampp\\htdocs\\PAW 12\\PAW12\\vendor\\laravel\\framework\\src\\Illuminate\\Routing\\Router.php(465): Illuminate\\Routing\\Router->loadRoutes('C:\\\\xampp\\\\htdocs...')
#12 C:\\xampp\\htdocs\\PAW 12\\PAW12\\vendor\\laravel\\framework\\src\\Illuminate\\Routing\\RouteRegistrar.php(194): Illuminate\\Routing\\Router->group(Array, 'C:\\\\xampp\\\\htdocs...')
#13 C:\\xampp\\htdocs\\PAW 12\\PAW12\\app\\Providers\\RouteServiceProvider.php(35): Illuminate\\Routing\\RouteRegistrar->group('C:\\\\xampp\\\\htdocs...')
#14 C:\\xampp\\htdocs\\PAW 12\\PAW12\\vendor\\laravel\\framework\\src\\Illuminate\\Container\\BoundMethod.php(36): App\\Providers\\RouteServiceProvider->App\\Providers\\{closure}()
#15 C:\\xampp\\htdocs\\PAW 12\\PAW12\\vendor\\laravel\\framework\\src\\Illuminate\\Container\\Util.php(41): Illuminate\\Container\\BoundMethod::Illuminate\\Container\\{closure}()
#16 C:\\xampp\\htdocs\\PAW 12\\PAW12\\vendor\\laravel\\framework\\src\\Illuminate\\Container\\BoundMethod.php(81): Illuminate\\Container\\Util::unwrapIfClosure(Object(Closure))
#17 C:\\xampp\\htdocs\\PAW 12\\PAW12\\vendor\\laravel\\framework\\src\\Illuminate\\Container\\BoundMethod.php(35): Illuminate\\Container\\BoundMethod::callBoundMethod(Object(Illuminate\\Foundation\\Application), Object(Closure), Object(Closure))
#18 C:\\xampp\\htdocs\\PAW 12\\PAW12\\vendor\\laravel\\framework\\src\\Illuminate\\Container\\Container.php(662): Illuminate\\Container\\BoundMethod::call(Object(Illuminate\\Foundation\\Application), Object(Closure), Array, NULL)
#19 C:\\xampp\\htdocs\\PAW 12\\PAW12\\vendor\\laravel\\framework\\src\\Illuminate\\Foundation\\Support\\Providers\\RouteServiceProvider.php(120): Illuminate\\Container\\Container->call(Object(Closure))
#20 C:\\xampp\\htdocs\\PAW 12\\PAW12\\vendor\\laravel\\framework\\src\\Illuminate\\Foundation\\Support\\Providers\\RouteServiceProvider.php(45): Illuminate\\Foundation\\Support\\Providers\\RouteServiceProvider->loadRoutes()
#21 C:\\xampp\\htdocs\\PAW 12\\PAW12\\vendor\\laravel\\framework\\src\\Illuminate\\Container\\BoundMethod.php(36): Illuminate\\Foundation\\Support\\Providers\\RouteServiceProvider->Illuminate\\Foundation\\Support\\Providers\\{closure}()
#22 C:\\xampp\\htdocs\\PAW 12\\PAW12\\vendor\\laravel\\framework\\src\\Illuminate\\Container\\Util.php(41): Illuminate\\Container\\BoundMethod::Illuminate\\Container\\{closure}()
#23 C:\\xampp\\htdocs\\PAW 12\\PAW12\\vendor\\laravel\\framework\\src\\Illuminate\\Container\\BoundMethod.php(81): Illuminate\\Container\\Util::unwrapIfClosure(Object(Closure))
#24 C:\\xampp\\htdocs\\PAW 12\\PAW12\\vendor\\laravel\\framework\\src\\Illuminate\\Container\\BoundMethod.php(35): Illuminate\\Container\\BoundMethod::callBoundMethod(Object(Illuminate\\Foundation\\Application), Object(Closure), Object(Closure))
#25 C:\\xampp\\htdocs\\PAW 12\\PAW12\\vendor\\laravel\\framework\\src\\Illuminate\\Container\\Container.php(662): Illuminate\\Container\\BoundMethod::call(Object(Illuminate\\Foundation\\Application), Object(Closure), Array, NULL)
#26 C:\\xampp\\htdocs\\PAW 12\\PAW12\\vendor\\laravel\\framework\\src\\Illuminate\\Support\\ServiceProvider.php(119): Illuminate\\Container\\Container->call(Object(Closure))
#27 C:\\xampp\\htdocs\\PAW 12\\PAW12\\vendor\\laravel\\framework\\src\\Illuminate\\Foundation\\Application.php(1039): Illuminate\\Support\\ServiceProvider->callBootedCallbacks()
#28 C:\\xampp\\htdocs\\PAW 12\\PAW12\\vendor\\laravel\\framework\\src\\Illuminate\\Foundation\\Application.php(1017): Illuminate\\Foundation\\Application->bootProvider(Object(App\\Providers\\RouteServiceProvider))
#29 [internal function]: Illuminate\\Foundation\\Application->Illuminate\\Foundation\\{closure}(Object(App\\Providers\\RouteServiceProvider), 24)
#30 C:\\xampp\\htdocs\\PAW 12\\PAW12\\vendor\\laravel\\framework\\src\\Illuminate\\Foundation\\Application.php(1016): array_walk(Array, Object(Closure))
#31 C:\\xampp\\htdocs\\PAW 12\\PAW12\\vendor\\laravel\\framework\\src\\Illuminate\\Foundation\\Bootstrap\\BootProviders.php(17): Illuminate\\Foundation\\Application->boot()
#32 C:\\xampp\\htdocs\\PAW 12\\PAW12\\vendor\\laravel\\framework\\src\\Illuminate\\Foundation\\Application.php(263): Illuminate\\Foundation\\Bootstrap\\BootProviders->bootstrap(Object(Illuminate\\Foundation\\Application))
#33 C:\\xampp\\htdocs\\PAW 12\\PAW12\\vendor\\laravel\\framework\\src\\Illuminate\\Foundation\\Http\\Kernel.php(186): Illuminate\\Foundation\\Application->bootstrapWith(Array)
#34 C:\\xampp\\htdocs\\PAW 12\\PAW12\\vendor\\laravel\\framework\\src\\Illuminate\\Foundation\\Http\\Kernel.php(170): Illuminate\\Foundation\\Http\\Kernel->bootstrap()
#35 C:\\xampp\\htdocs\\PAW 12\\PAW12\\vendor\\laravel\\framework\\src\\Illuminate\\Foundation\\Http\\Kernel.php(144): Illuminate\\Foundation\\Http\\Kernel->sendRequestThroughRouter(Object(Illuminate\\Http\\Request))
#36 C:\\xampp\\htdocs\\PAW 12\\PAW12\\public\\index.php(51): Illuminate\\Foundation\\Http\\Kernel->handle(Object(Illuminate\\Http\\Request))
#37 C:\\xampp\\htdocs\\PAW 12\\PAW12\\vendor\\laravel\\framework\\src\\Illuminate\\Foundation\\resources\\server.php(16): require_once('C:\\\\xampp\\\\htdocs...')
#38 {main}
"} 
